<?xml version="1.0" encoding="UTF-8"?>
<testsuite xmlns:xsi="http://www.w3.org/2001/XMLSchema-instance" xsi:noNamespaceSchemaLocation="https://maven.apache.org/surefire/maven-surefire-plugin/xsd/surefire-test-report-3.0.xsd" version="3.0" name="com.spring.Hello_Events.HelloEventsApplicationTests" time="10.885" tests="1" errors="0" skipped="0" failures="0">
  <properties>
[...]
</properties>
  <testcase name="contextLoads" classname="com.spring.Hello_Events.HelloEventsApplicationTests" time="1.3">
    <system-out><![CDATA[21:54:49.888 [main] INFO org.springframework.test.context.support.AnnotationConfigContextLoaderUtils -- Could not detect default configuration classes for test class [com.spring.Hello_Events.HelloEventsApplicationTests]: HelloEventsApplicationTests does not declare any static, non-private, non-final, nested classes annotated with @Configuration.
21:54:50.125 [main] INFO org.springframework.boot.test.context.SpringBootTestContextBootstrapper -- Found @SpringBootConfiguration com.spring.Hello_Events.HelloEventsApplication for test class com.spring.Hello_Events.HelloEventsApplicationTests

  .   ____          _            __ _ _
 /\\ / ___'_ __ _ _(_)_ __  __ _ \ \ \ \
( ( )\___ | '_ | '_| | '_ \/ _` | \ \ \ \
 \\/  ___)| |_)| | | | | || (_| |  ) ) ) )
  '  |____| .__|_| |_|_| |_\__, | / / / /
 =========|_|==============|___/=/_/_/_/

 :: Spring Boot ::                (v3.3.2)

2024-07-23T21:54:50.982+01:00  INFO 25968 --- [Hello-Events] [           main] c.s.H.HelloEventsApplicationTests        : Starting HelloEventsApplicationTests using Java 21.0.2 with PID 25968 (started by user in C:\Users\user\Desktop\spring-hello-events)
2024-07-23T21:54:50.984+01:00  INFO 25968 --- [Hello-Events] [           main] c.s.H.HelloEventsApplicationTests        : No active profile set, falling back to 1 default profile: "default"
2024-07-23T21:54:52.668+01:00  INFO 25968 --- [Hello-Events] [           main] .s.d.r.c.RepositoryConfigurationDelegate : Bootstrapping Spring Data JPA repositories in DEFAULT mode.
2024-07-23T21:54:52.801+01:00  INFO 25968 --- [Hello-Events] [           main] .s.d.r.c.RepositoryConfigurationDelegate : Finished Spring Data repository scanning in 96 ms. Found 1 JPA repository interface.
2024-07-23T21:54:53.943+01:00  INFO 25968 --- [Hello-Events] [           main] o.hibernate.jpa.internal.util.LogHelper  : HHH000204: Processing PersistenceUnitInfo [name: default]
2024-07-23T21:54:54.108+01:00  INFO 25968 --- [Hello-Events] [           main] org.hibernate.Version                    : HHH000412: Hibernate ORM core version 6.5.2.Final
2024-07-23T21:54:54.158+01:00  INFO 25968 --- [Hello-Events] [           main] o.h.c.internal.RegionFactoryInitiator    : HHH000026: Second-level cache disabled
2024-07-23T21:54:54.777+01:00  INFO 25968 --- [Hello-Events] [           main] o.s.o.j.p.SpringPersistenceUnitInfo      : No LoadTimeWeaver setup: ignoring JPA class transformer
2024-07-23T21:54:54.839+01:00  INFO 25968 --- [Hello-Events] [           main] com.zaxxer.hikari.HikariDataSource       : HikariPool-1 - Starting...
2024-07-23T21:54:55.097+01:00  INFO 25968 --- [Hello-Events] [           main] com.zaxxer.hikari.pool.HikariPool        : HikariPool-1 - Added connection com.mysql.cj.jdbc.ConnectionImpl@76596288
2024-07-23T21:54:55.100+01:00  INFO 25968 --- [Hello-Events] [           main] com.zaxxer.hikari.HikariDataSource       : HikariPool-1 - Start completed.
2024-07-23T21:54:55.161+01:00  WARN 25968 --- [Hello-Events] [           main] org.hibernate.dialect.Dialect            : HHH000511: The 5.5.5 version for [org.hibernate.dialect.MariaDBDialect] is no longer supported, hence certain features may not work properly. The minimum supported version is 10.4.0. Check the community dialects project for available legacy versions.
2024-07-23T21:54:55.169+01:00  WARN 25968 --- [Hello-Events] [           main] org.hibernate.orm.deprecation            : HHH90000025: MariaDBDialect does not need to be specified explicitly using 'hibernate.dialect' (remove the property setting and it will be selected by default)
2024-07-23T21:54:56.619+01:00  INFO 25968 --- [Hello-Events] [           main] o.h.e.t.j.p.i.JtaPlatformInitiator       : HHH000489: No JTA platform available (set 'hibernate.transaction.jta.platform' to enable JTA platform integration)
2024-07-23T21:54:56.786+01:00  INFO 25968 --- [Hello-Events] [           main] j.LocalContainerEntityManagerFactoryBean : Initialized JPA EntityManagerFactory for persistence unit 'default'
2024-07-23T21:54:57.312+01:00  WARN 25968 --- [Hello-Events] [           main] JpaBaseConfiguration$JpaWebConfiguration : spring.jpa.open-in-view is enabled by default. Therefore, database queries may be performed during view rendering. Explicitly configure spring.jpa.open-in-view to disable this warning
2024-07-23T21:54:59.044+01:00  INFO 25968 --- [Hello-Events] [           main] c.s.H.HelloEventsApplicationTests        : Started HelloEventsApplicationTests in 8.572 seconds (process running for 10.599)
]]></system-out>
    <system-err><![CDATA[WARNING: A Java agent has been loaded dynamically (C:\Users\user\.m2\repository\net\bytebuddy\byte-buddy-agent\1.14.18\byte-buddy-agent-1.14.18.jar)
WARNING: If a serviceability tool is in use, please run with -XX:+EnableDynamicAgentLoading to hide this warning
WARNING: If a serviceability tool is not in use, please run with -Djdk.instrument.traceUsage for more information
WARNING: Dynamic loading of agents will be disallowed by default in a future release
]]></system-err>
  </testcase>
</testsuite>